<?xml version="1.0" encoding="UTF-8"?>
<!-- Generated by org.testng.reporters.JUnitReportReporter -->
<testsuite hostname="Rajhans" failures="0" tests="1" name="Practice.Demo" time="21.272" errors="0" timestamp="2025-02-09T19:56:04 IST" skipped="0">
  <testcase classname="Practice.Demo" name="test" time="21.272"/>
  <system-out>
    <![CDATA[test------>Testscript excution started
test----->testScript execution successfull]]>
  </system-out>
</testsuite> <!-- Practice.Demo -->
