<?xml version="1.0" encoding="UTF-8"?>
<!-- Generated by org.testng.reporters.JUnitReportReporter -->
<testsuite hostname="Rajhans" failures="0" tests="1" name="Practice.BaseClassDemo" time="3.014" errors="0" timestamp="2025-02-12T21:11:53 IST" skipped="0">
  <testcase classname="Practice.BaseClassDemo" name="test" time="3.014"/>
  <system-out/>
</testsuite> <!-- Practice.BaseClassDemo -->
