<?xml version="1.0" encoding="UTF-8"?>
<!-- Generated by org.testng.reporters.JUnitReportReporter -->
<testsuite hostname="Rajhans" failures="0" tests="1" name="Youtube_Shorts.OpenShortAndScrollUpto5" time="0.004" errors="0" timestamp="2025-02-09T19:54:13 IST" skipped="0">
  <testcase classname="Youtube_Shorts.OpenShortAndScrollUpto5" name="test" time="0.004"/>
  <system-out/>
</testsuite> <!-- Youtube_Shorts.OpenShortAndScrollUpto5 -->
