<?xml version="1.0" encoding="UTF-8"?>
<!-- Generated by org.testng.reporters.JUnitReportReporter -->
<testsuite hostname="Rajhans" failures="0" tests="1" name="YoutubeVideo.PlayAVideo" time="14.473" errors="0" timestamp="2025-02-09T17:40:57 IST" skipped="0">
  <testcase classname="YoutubeVideo.PlayAVideo" name="PlayAVideo_test" time="14.473"/>
  <system-out>
    <![CDATA[PlayAVideo_test------>Testscript excution started
PlayAVideo_test----->testScript execution successfull]]>
  </system-out>
</testsuite> <!-- YoutubeVideo.PlayAVideo -->
